<?xml version="1.0" encoding="UTF-8"?>
<!-- Generated by org.testng.reporters.JUnitReportReporter -->
<testsuite hostname="Rohitha-Dell" failures="0" tests="1" name="Test.TestPlan" time="5.368" errors="0" timestamp="2024-08-05T14:21:41 MDT" skipped="0">
  <testcase classname="Test.TestPlan" name="submitForm" time="5.368"/>
</testsuite> <!-- Test.TestPlan -->
