<?xml version="1.0" encoding="UTF-8"?>
<!-- Generated by org.testng.reporters.JUnitReportReporter -->
<testsuite hostname="Rohitha-Dell" failures="0" tests="2" name="seliniumPackage.UsingStreamsDemo" time="6.704" errors="0" timestamp="2024-08-22T14:28:36 MDT" skipped="0">
  <testcase classname="seliniumPackage.UsingStreamsDemo" name="testSearch" time="6.476"/>
  <testcase classname="seliniumPackage.UsingStreamsDemo" name="testSort" time="0.228"/>
</testsuite> <!-- seliniumPackage.UsingStreamsDemo -->
