<?xml version="1.0" encoding="UTF-8"?>
<!-- Generated by org.testng.reporters.JUnitReportReporter -->
<testsuite hostname="Rohitha-Dell" failures="0" tests="1" name="seliniumPackage.WindowControlsUsingAutoiIT" time="23.234" errors="0" timestamp="2024-09-25T10:57:09 MDT" skipped="0">
  <testcase classname="seliniumPackage.WindowControlsUsingAutoiIT" name="uploadFile" time="23.234"/>
</testsuite> <!-- seliniumPackage.WindowControlsUsingAutoiIT -->
