<?xml version="1.0" encoding="UTF-8"?>
<!-- Generated by org.testng.reporters.JUnitReportReporter -->
<testsuite hostname="Rohitha-Dell" failures="0" tests="1" name="Test1.TestPlan" time="8.639" errors="0" timestamp="2024-08-22T10:24:49 MDT" skipped="0">
  <testcase classname="Test1.TestPlan" name="submitForm" time="8.639"/>
</testsuite> <!-- Test1.TestPlan -->
